<?xml version="1.0" encoding="UTF-8"?>
<!-- Generated by org.testng.reporters.JUnitReportReporter -->
<testsuite skipped="0" hostname="DESKTOP-8RI6OF2" name="production.AishwaryaTest" tests="1" failures="0" timestamp="2022-07-18T10:48:44 IST" time="0.022" errors="0">
  <testcase name="Run" time="0.022" classname="production.AishwaryaTest"/>
  <system-out/>
</testsuite> <!-- production.AishwaryaTest -->
